[31m

processing file: hotspot_extraction.qmd
[39m1/29                           
2/29 [setup]                   
3/29                           
4/29 [run-metadata]            
5/29                           
6/29 [attach-region-attrs]     
7/29                           
8/29 [pivot]                   
9/29                           
10/29 [sanity-check-pivot]      
11/29                           
12/29 [hotspots_config]         
13/29                           
14/29 [show_hotspots_config]    
15/29                           
16/29 [validate_hotspots_config]
17/29                           
18/29 [hotspots_export]         
19/29                           
20/29 [bars_by_region]          
21/29                           
22/29 [make-all-barplots]       
23/29                           
24/29 [display-barplots]        
25/29                           
26/29 [make-hotspot-violins]    
27/29                           
28/29 [display-violins]         
29/29                           
[31moutput file: hotspot_extraction.knit.md

[39m[1mpandoc [22m
  to: html
  output-file: hotspot_extraction.html
  standalone: true
  section-divs: true
  html-math-method: mathjax
  wrap: none
  default-image-extension: png
  toc: true
  number-sections: true
  variables: {}
  
[1mmetadata[22m
  document-css: false
  link-citations: true
  lang: en
  title: Hotspot Extraction
  subtitle: v{{< meta analysis_version >}}
  author: Jerónimo Rodríguez Escobar
  email: jeronimo.rodriguez@wwfus.org
  date: today
  date-format: iso
  analysis_version: v0.4.1
  editor: source
  toc-title: Contents
  theme: cosmo
  
Output created: hotspot_extraction.html

